<?xml version="1.0" encoding="UTF-8"?>
<!-- Generated by org.testng.reporters.JUnitXMLReporter -->
<testsuite ignored="0" hostname="DESKTOP-F0HMF9A" failures="0" tests="10" name="Test" time="143.721" errors="0" timestamp="2025-12-29T13:46:22 IST">
  <testcase classname="TestLayer.LoginPageTest" name="validateLoginFunctionality" time="1.713"/>
  <testcase classname="TestLayer.HomePageTest" name="validateHomePageLogo" time="4.672"/>
  <testcase classname="TestLayer.HomePageTest" name="validateHomePageTitle" time="0.021"/>
  <testcase classname="TestLayer.HomePageTest" name="validateHomePageUrl" time="0.028"/>
  <testcase classname="TestLayer.ContactPageTest" name="validateNewContact" time="17.452"/>
  <testcase classname="TestLayer.ContactPageTest" name="validateNewContact" time="18.454"/>
  <testcase classname="TestLayer.ContactPageTest" name="validateNewContact" time="18.585"/>
  <testcase classname="TestLayer.ContactPageTest" name="validateNewContact" time="19.006"/>
  <testcase classname="TestLayer.ContactPageTest" name="validateNewContact" time="18.777"/>
  <testcase classname="TestLayer.ContactPageTest" name="validateNewContact" time="18.554"/>
</testsuite> <!-- Test -->
