<?xml version="1.0" encoding="UTF-8"?>
<!-- Generated by org.testng.reporters.JUnitReportReporter -->
<testsuite hostname="DESKTOP-F0HMF9A" failures="0" tests="3" name="TestLayer.HomePageTest" time="4.721" errors="0" timestamp="2025-12-29T13:46:22 IST" skipped="0">
  <testcase classname="TestLayer.HomePageTest" name="validateHomePageLogo" time="4.672"/>
  <system-out/>
  <testcase classname="TestLayer.HomePageTest" name="validateHomePageTitle" time="0.021"/>
  <system-out/>
  <testcase classname="TestLayer.HomePageTest" name="validateHomePageUrl" time="0.028"/>
  <system-out/>
</testsuite> <!-- TestLayer.HomePageTest -->
