<?xml version="1.0" encoding="UTF-8"?>
<!-- Generated by org.testng.reporters.JUnitReportReporter -->
<testsuite hostname="DESKTOP-F0HMF9A" failures="0" tests="6" name="TestLayer.ContactPageTest" time="110.828" errors="0" timestamp="2025-12-29T13:46:22 IST" skipped="0">
  <testcase classname="TestLayer.ContactPageTest" name="validateNewContact" time="18.585"/>
  <system-out/>
  <testcase classname="TestLayer.ContactPageTest" name="validateNewContact" time="19.006"/>
  <system-out/>
  <testcase classname="TestLayer.ContactPageTest" name="validateNewContact" time="18.554"/>
  <system-out/>
  <testcase classname="TestLayer.ContactPageTest" name="validateNewContact" time="17.452"/>
  <system-out/>
  <testcase classname="TestLayer.ContactPageTest" name="validateNewContact" time="18.777"/>
  <system-out/>
  <testcase classname="TestLayer.ContactPageTest" name="validateNewContact" time="18.454"/>
  <system-out/>
</testsuite> <!-- TestLayer.ContactPageTest -->
